{"/home/cleriston/Documents/Projetos/test-image/src/application/create-file-xml.ts": {"path":"/home/cleriston/Documents/Projetos/test-image/src/application/create-file-xml.ts","statementMap":{"0":{"start":{"line":7,"column":4},"end":{"line":7,"column":null}},"1":{"start":{"line":9,"column":4},"end":{"line":9,"column":null}},"2":{"start":{"line":12,"column":4},"end":{"line":12,"column":null}},"3":{"start":{"line":13,"column":4},"end":{"line":13,"column":null}},"4":{"start":{"line":5,"column":0},"end":{"line":5,"column":13}}},"fnMap":{"0":{"name":"(anonymous_0)","decl":{"start":{"line":6,"column":2},"end":{"line":6,"column":7}},"loc":{"start":{"line":6,"column":55},"end":{"line":14,"column":3}}}},"branchMap":{},"s":{"0":1,"1":1,"2":1,"3":1,"4":1},"f":{"0":1},"b":{}}
,"/home/cleriston/Documents/Projetos/test-image/src/controller/add-file-controller.ts": {"path":"/home/cleriston/Documents/Projetos/test-image/src/controller/add-file-controller.ts","statementMap":{"0":{"start":{"line":9,"column":21},"end":{"line":9,"column":45}},"1":{"start":{"line":10,"column":21},"end":{"line":10,"column":43}},"2":{"start":{"line":11,"column":21},"end":{"line":11,"column":46}},"3":{"start":{"line":15,"column":4},"end":{"line":29,"column":null}},"4":{"start":{"line":16,"column":28},"end":{"line":16,"column":58}},"5":{"start":{"line":17,"column":19},"end":{"line":17,"column":68}},"6":{"start":{"line":18,"column":6},"end":{"line":18,"column":null}},"7":{"start":{"line":19,"column":18},"end":{"line":19,"column":44}},"8":{"start":{"line":21,"column":6},"end":{"line":21,"column":null}},"9":{"start":{"line":26,"column":6},"end":{"line":26,"column":null}},"10":{"start":{"line":28,"column":6},"end":{"line":28,"column":null}},"11":{"start":{"line":7,"column":0},"end":{"line":7,"column":13}}},"fnMap":{"0":{"name":"(anonymous_0)","decl":{"start":{"line":8,"column":2},"end":{"line":8,"column":null}},"loc":{"start":{"line":11,"column":46},"end":{"line":12,"column":7}}},"1":{"name":"(anonymous_1)","decl":{"start":{"line":14,"column":2},"end":{"line":14,"column":7}},"loc":{"start":{"line":14,"column":31},"end":{"line":30,"column":3}}}},"branchMap":{},"s":{"0":4,"1":4,"2":4,"3":4,"4":4,"5":4,"6":4,"7":4,"8":4,"9":4,"10":0,"11":1},"f":{"0":4,"1":4},"b":{}}
,"/home/cleriston/Documents/Projetos/test-image/src/infra/converter-xml.ts": {"path":"/home/cleriston/Documents/Projetos/test-image/src/infra/converter-xml.ts","statementMap":{"0":{"start":{"line":1,"column":0},"end":{"line":1,"column":19}},"1":{"start":{"line":2,"column":0},"end":{"line":2,"column":29}},"2":{"start":{"line":3,"column":0},"end":{"line":3,"column":33}},"3":{"start":{"line":9,"column":4},"end":{"line":17,"column":null}},"4":{"start":{"line":10,"column":6},"end":{"line":16,"column":null}},"5":{"start":{"line":11,"column":8},"end":{"line":15,"column":null}},"6":{"start":{"line":12,"column":10},"end":{"line":12,"column":null}},"7":{"start":{"line":14,"column":10},"end":{"line":14,"column":null}},"8":{"start":{"line":21,"column":4},"end":{"line":42,"column":null}},"9":{"start":{"line":7,"column":0},"end":{"line":7,"column":13}}},"fnMap":{"0":{"name":"(anonymous_1)","decl":{"start":{"line":8,"column":2},"end":{"line":8,"column":7}},"loc":{"start":{"line":8,"column":15},"end":{"line":18,"column":3}}},"1":{"name":"(anonymous_2)","decl":{"start":{"line":9,"column":23},"end":{"line":9,"column":24}},"loc":{"start":{"line":9,"column":43},"end":{"line":17,"column":5}}},"2":{"name":"(anonymous_3)","decl":{"start":{"line":10,"column":54},"end":{"line":10,"column":55}},"loc":{"start":{"line":10,"column":68},"end":{"line":16,"column":7}}},"3":{"name":"(anonymous_4)","decl":{"start":{"line":20,"column":2},"end":{"line":20,"column":7}},"loc":{"start":{"line":20,"column":23},"end":{"line":43,"column":3}}}},"branchMap":{"0":{"loc":{"start":{"line":11,"column":8},"end":{"line":15,"column":null}},"type":"if","locations":[{"start":{"line":11,"column":8},"end":{"line":15,"column":null}},{"start":{"line":13,"column":15},"end":{"line":15,"column":null}}]}},"s":{"0":1,"1":1,"2":1,"3":1,"4":1,"5":1,"6":0,"7":1,"8":1,"9":1},"f":{"0":1,"1":1,"2":1,"3":1},"b":{"0":[0,1]}}
,"/home/cleriston/Documents/Projetos/test-image/src/infra/repository-image-api.ts": {"path":"/home/cleriston/Documents/Projetos/test-image/src/infra/repository-image-api.ts","statementMap":{"0":{"start":{"line":1,"column":0},"end":{"line":1,"column":25}},"1":{"start":{"line":5,"column":2},"end":{"line":11,"column":null}},"2":{"start":{"line":14,"column":4},"end":{"line":14,"column":null}},"3":{"start":{"line":15,"column":4},"end":{"line":15,"column":null}},"4":{"start":{"line":20,"column":4},"end":{"line":20,"column":null}},"5":{"start":{"line":4,"column":0},"end":{"line":4,"column":13}}},"fnMap":{"0":{"name":"(anonymous_1)","decl":{"start":{"line":4,"column":0},"end":{"line":4,"column":13}},"loc":{"start":{"line":4,"column":0},"end":{"line":22,"column":1}}},"1":{"name":"(anonymous_2)","decl":{"start":{"line":13,"column":2},"end":{"line":13,"column":7}},"loc":{"start":{"line":13,"column":23},"end":{"line":17,"column":3}}},"2":{"name":"(anonymous_3)","decl":{"start":{"line":19,"column":2},"end":{"line":19,"column":7}},"loc":{"start":{"line":19,"column":12},"end":{"line":21,"column":3}}}},"branchMap":{},"s":{"0":1,"1":4,"2":4,"3":4,"4":0,"5":1},"f":{"0":4,"1":4,"2":0},"b":{}}
}
